<?xml version="1.0" encoding="UTF-8"?>
<testsuite name="BullsCowsTest" tests="1" skipped="0" failures="0" errors="0" timestamp="2021-04-12T13:53:14" hostname="DESKTOP-V00669N" time="4.709">
  <properties/>
  <testcase name="start" classname="BullsCowsTest" time="4.709"/>
  <system-out><![CDATA[?[1;31m
Start test 1?[0m
Input the length of the secret code:
> 1
Input the number of possible symbols in the code:
> 10
The secret is prepared: * (0-9).
Okay, let's start a game!
Turn 1:
> 0
Grade: 1 bulls
Congratulations! You guessed the secret code.
?[1;31m
Start test 2?[0m
Input the length of the secret code:
> 4
Input the number of possible symbols in the code:
> 10
The secret is prepared: **** (0-9).
Okay, let's start a game!
Turn 1:
> 0000
Grade: 1 bull and 3 cows
Turn 2:
> 1111
Grade: Cannot find number of bulls or number of cows or None after the input
Turn 3:
> 2222
Grade: Cannot find number of bulls or number of cows or None after the input
Turn 4:
> 3333
Grade: Cannot find number of bulls or number of cows or None after the input
Turn 5:
> 4444
Grade: Cannot find number of bulls or number of cows or None after the input
Turn 6:
> 5555
Grade: Cannot find number of bulls or number of cows or None after the input
Turn 7:
> 6666
Grade: Cannot find number of bulls or number of cows or None after the input
Turn 8:
> 7777
Grade: 1 bull and 3 cows
Turn 9:
> 8888
Grade: 1 bull and 3 cows
Turn 10:
> 9999
Grade: 1 bull and 3 cows
Turn 11:
> 0789
Grade: 1 bull and 3 cows
Turn 12:
> 7089
Grade: 4 cows
Turn 13:
> 8079
Grade: 4 cows
Turn 14:
> 0879
Grade: 2 bulls and 2 cows
Turn 15:
> 7809
Grade: 1 bull and 3 cows
Turn 16:
> 8709
Grade: 4 cows
Turn 17:
> 9708
Grade: 4 cows
Turn 18:
> 7908
Grade: 4 cows
Turn 19:
> 0978
Grade: 1 bull and 3 cows
Turn 20:
> 9078
Grade: 4 cows
Turn 21:
> 7098
Grade: 1 bull and 3 cows
Turn 22:
> 0798
Grade: 2 bulls and 2 cows
Turn 23:
> 0897
Grade: 4 bulls
Congratulations! You guessed the secret code.
?[1;31m
Start test 3?[0m
Input the length of the secret code:
> 6
Input the number of possible symbols in the code:
> 10
The secret is prepared: ****** (0-9).
Okay, let's start a game!
Turn 1:
> 000000
Grade: 1 bull and 5 cows
Turn 2:
> 111111
Grade: Cannot find number of bulls or number of cows or None after the input
Turn 3:
> 222222
Grade: Cannot find number of bulls or number of cows or None after the input
Turn 4:
> 333333
Grade: 1 bull and 5 cows
Turn 5:
> 444444
Grade: Cannot find number of bulls or number of cows or None after the input
Turn 6:
> 555555
Grade: 1 bull and 5 cows
Turn 7:
> 666666
Grade: Cannot find number of bulls or number of cows or None after the input
Turn 8:
> 777777
Grade: 1 bull and 5 cows
Turn 9:
> 888888
Grade: 1 bull and 5 cows
Turn 10:
> 999999
Grade: 1 bull and 5 cows
Turn 11:
> 035789
Grade: 2 bulls and 4 cows
Turn 12:
> 305789
Grade: 1 bull and 5 cows
Turn 13:
> 503789
Grade: 1 bull and 5 cows
Turn 14:
> 053789
Grade: 2 bulls and 4 cows
Turn 15:
> 350789
Grade: 1 bull and 5 cows
Turn 16:
> 530789
Grade: 1 bull and 5 cows
Turn 17:
> 730589
Grade: 6 cows
Turn 18:
> 370589
Grade: 6 cows
Turn 19:
> 073589
Grade: 1 bull and 5 cows
Turn 20:
> 703589
Grade: 6 cows
Turn 21:
> 307589
Grade: 6 cows
Turn 22:
> 037589
Grade: 1 bull and 5 cows
Turn 23:
> 057389
Grade: 1 bull and 5 cows
Turn 24:
> 507389
Grade: 6 cows
Turn 25:
> 705389
Grade: 6 cows
Turn 26:
> 075389
Grade: 1 bull and 5 cows
Turn 27:
> 570389
Grade: 6 cows
Turn 28:
> 750389
Grade: 6 cows
Turn 29:
> 753089
Grade: 6 cows
Turn 30:
> 573089
Grade: 6 cows
Turn 31:
> 375089
Grade: 6 cows
Turn 32:
> 735089
Grade: 6 cows
Turn 33:
> 537089
Grade: 6 cows
Turn 34:
> 357089
Grade: 6 cows
Turn 35:
> 857039
Grade: 6 cows
Turn 36:
> 587039
Grade: 1 bull and 5 cows
Turn 37:
> 785039
Grade: 1 bull and 5 cows
Turn 38:
> 875039
Grade: 6 cows
Turn 39:
> 578039
Grade: 6 cows
Turn 40:
> 758039
Grade: 6 cows
Turn 41:
> 058739
Grade: 2 bulls and 4 cows
Turn 42:
> 508739
Grade: 1 bull and 5 cows
Turn 43:
> 805739
Grade: 1 bull and 5 cows
Turn 44:
> 085739
Grade: 3 bulls and 3 cows
Turn 45:
> 580739
Grade: 2 bulls and 4 cows
Turn 46:
> 850739
Grade: 1 bull and 5 cows
Turn 47:
> 870539
Grade: 6 cows
Turn 48:
> 780539
Grade: 1 bull and 5 cows
Turn 49:
> 087539
Grade: 2 bulls and 4 cows
Turn 50:
> 807539
Grade: 6 cows
Turn 51:
> 708539
Grade: 6 cows
Turn 52:
> 078539
Grade: 1 bull and 5 cows
Turn 53:
> 075839
Grade: 1 bull and 5 cows
Turn 54:
> 705839
Grade: 6 cows
Turn 55:
> 507839
Grade: 6 cows
Turn 56:
> 057839
Grade: 1 bull and 5 cows
Turn 57:
> 750839
Grade: 6 cows
Turn 58:
> 570839
Grade: 6 cows
Turn 59:
> 370859
Grade: 1 bull and 5 cows
Turn 60:
> 730859
Grade: 1 bull and 5 cows
Turn 61:
> 037859
Grade: 2 bulls and 4 cows
Turn 62:
> 307859
Grade: 1 bull and 5 cows
Turn 63:
> 703859
Grade: 1 bull and 5 cows
Turn 64:
> 073859
Grade: 2 bulls and 4 cows
Turn 65:
> 873059
Grade: 1 bull and 5 cows
Turn 66:
> 783059
Grade: 2 bulls and 4 cows
Turn 67:
> 387059
Grade: 2 bulls and 4 cows
Turn 68:
> 837059
Grade: 1 bull and 5 cows
Turn 69:
> 738059
Grade: 1 bull and 5 cows
Turn 70:
> 378059
Grade: 1 bull and 5 cows
Turn 71:
> 308759
Grade: 2 bulls and 4 cows
Turn 72:
> 038759
Grade: 3 bulls and 3 cows
Turn 73:
> 830759
Grade: 2 bulls and 4 cows
Turn 74:
> 380759
Grade: 3 bulls and 3 cows
Turn 75:
> 083759
Grade: 4 bulls and 2 cows
Turn 76:
> 803759
Grade: 2 bulls and 4 cows
Turn 77:
> 807359
Grade: 1 bull and 5 cows
Turn 78:
> 087359
Grade: 3 bulls and 3 cows
Turn 79:
> 780359
Grade: 2 bulls and 4 cows
Turn 80:
> 870359
Grade: 1 bull and 5 cows
Turn 81:
> 078359
Grade: 2 bulls and 4 cows
Turn 82:
> 708359
Grade: 1 bull and 5 cows
Turn 83:
> 508379
Grade: 6 cows
Turn 84:
> 058379
Grade: 1 bull and 5 cows
Turn 85:
> 850379
Grade: 6 cows
Turn 86:
> 580379
Grade: 1 bull and 5 cows
Turn 87:
> 085379
Grade: 2 bulls and 4 cows
Turn 88:
> 805379
Grade: 6 cows
Turn 89:
> 305879
Grade: 6 cows
Turn 90:
> 035879
Grade: 1 bull and 5 cows
Turn 91:
> 530879
Grade: 6 cows
Turn 92:
> 350879
Grade: 6 cows
Turn 93:
> 053879
Grade: 1 bull and 5 cows
Turn 94:
> 503879
Grade: 6 cows
Turn 95:
> 583079
Grade: 1 bull and 5 cows
Turn 96:
> 853079
Grade: 6 cows
Turn 97:
> 358079
Grade: 6 cows
Turn 98:
> 538079
Grade: 6 cows
Turn 99:
> 835079
Grade: 6 cows
Turn 100:
> 385079
Grade: 1 bull and 5 cows
Turn 101:
> 380579
Grade: 1 bull and 5 cows
Turn 102:
> 830579
Grade: 6 cows
Turn 103:
> 038579
Grade: 1 bull and 5 cows
Turn 104:
> 308579
Grade: 6 cows
Turn 105:
> 803579
Grade: 6 cows
Turn 106:
> 083579
Grade: 2 bulls and 4 cows
Turn 107:
> 783509
Grade: 1 bull and 5 cows
Turn 108:
> 873509
Grade: 6 cows
Turn 109:
> 378509
Grade: 6 cows
Turn 110:
> 738509
Grade: 6 cows
Turn 111:
> 837509
Grade: 6 cows
Turn 112:
> 387509
Grade: 1 bull and 5 cows
Turn 113:
> 587309
Grade: 1 bull and 5 cows
Turn 114:
> 857309
Grade: 6 cows
Turn 115:
> 758309
Grade: 6 cows
Turn 116:
> 578309
Grade: 6 cows
Turn 117:
> 875309
Grade: 6 cows
Turn 118:
> 785309
Grade: 1 bull and 5 cows
Turn 119:
> 735809
Grade: 6 cows
Turn 120:
> 375809
Grade: 6 cows
Turn 121:
> 573809
Grade: 6 cows
Turn 122:
> 753809
Grade: 6 cows
Turn 123:
> 357809
Grade: 6 cows
Turn 124:
> 537809
Grade: 6 cows
Turn 125:
> 538709
Grade: 1 bull and 5 cows
Turn 126:
> 358709
Grade: 1 bull and 5 cows
Turn 127:
> 853709
Grade: 1 bull and 5 cows
Turn 128:
> 583709
Grade: 2 bulls and 4 cows
Turn 129:
> 385709
Grade: 2 bulls and 4 cows
Turn 130:
> 835709
Grade: 1 bull and 5 cows
Turn 131:
> 935708
Grade: 1 bull and 5 cows
Turn 132:
> 395708
Grade: 1 bull and 5 cows
Turn 133:
> 593708
Grade: 1 bull and 5 cows
Turn 134:
> 953708
Grade: 1 bull and 5 cows
Turn 135:
> 359708
Grade: 2 bulls and 4 cows
Turn 136:
> 539708
Grade: 2 bulls and 4 cows
Turn 137:
> 739508
Grade: 1 bull and 5 cows
Turn 138:
> 379508
Grade: 1 bull and 5 cows
Turn 139:
> 973508
Grade: 6 cows
Turn 140:
> 793508
Grade: 6 cows
Turn 141:
> 397508
Grade: 6 cows
Turn 142:
> 937508
Grade: 6 cows
Turn 143:
> 957308
Grade: 6 cows
Turn 144:
> 597308
Grade: 6 cows
Turn 145:
> 795308
Grade: 6 cows
Turn 146:
> 975308
Grade: 6 cows
Turn 147:
> 579308
Grade: 1 bull and 5 cows
Turn 148:
> 759308
Grade: 1 bull and 5 cows
Turn 149:
> 753908
Grade: 6 cows
Turn 150:
> 573908
Grade: 6 cows
Turn 151:
> 375908
Grade: 6 cows
Turn 152:
> 735908
Grade: 6 cows
Turn 153:
> 537908
Grade: 6 cows
Turn 154:
> 357908
Grade: 6 cows
Turn 155:
> 057938
Grade: 1 bull and 5 cows
Turn 156:
> 507938
Grade: 6 cows
Turn 157:
> 705938
Grade: 6 cows
Turn 158:
> 075938
Grade: 1 bull and 5 cows
Turn 159:
> 570938
Grade: 6 cows
Turn 160:
> 750938
Grade: 6 cows
Turn 161:
> 950738
Grade: 1 bull and 5 cows
Turn 162:
> 590738
Grade: 1 bull and 5 cows
Turn 163:
> 095738
Grade: 2 bulls and 4 cows
Turn 164:
> 905738
Grade: 1 bull and 5 cows
Turn 165:
> 509738
Grade: 2 bulls and 4 cows
Turn 166:
> 059738
Grade: 3 bulls and 3 cows
Turn 167:
> 079538
Grade: 2 bulls and 4 cows
Turn 168:
> 709538
Grade: 1 bull and 5 cows
Turn 169:
> 907538
Grade: 6 cows
Turn 170:
> 097538
Grade: 1 bull and 5 cows
Turn 171:
> 790538
Grade: 6 cows
Turn 172:
> 970538
Grade: 6 cows
Turn 173:
> 975038
Grade: 6 cows
Turn 174:
> 795038
Grade: 6 cows
Turn 175:
> 597038
Grade: 6 cows
Turn 176:
> 957038
Grade: 6 cows
Turn 177:
> 759038
Grade: 1 bull and 5 cows
Turn 178:
> 579038
Grade: 1 bull and 5 cows
Turn 179:
> 379058
Grade: 2 bulls and 4 cows
Turn 180:
> 739058
Grade: 2 bulls and 4 cows
Turn 181:
> 937058
Grade: 1 bull and 5 cows
Turn 182:
> 397058
Grade: 1 bull and 5 cows
Turn 183:
> 793058
Grade: 1 bull and 5 cows
Turn 184:
> 973058
Grade: 1 bull and 5 cows
Turn 185:
> 073958
Grade: 2 bulls and 4 cows
Turn 186:
> 703958
Grade: 1 bull and 5 cows
Turn 187:
> 307958
Grade: 1 bull and 5 cows
Turn 188:
> 037958
Grade: 2 bulls and 4 cows
Turn 189:
> 730958
Grade: 1 bull and 5 cows
Turn 190:
> 370958
Grade: 1 bull and 5 cows
Turn 191:
> 390758
Grade: 2 bulls and 4 cows
Turn 192:
> 930758
Grade: 2 bulls and 4 cows
Turn 193:
> 039758
Grade: 4 bulls and 2 cows
Turn 194:
> 309758
Grade: 3 bulls and 3 cows
Turn 195:
> 903758
Grade: 2 bulls and 4 cows
Turn 196:
> 093758
Grade: 3 bulls and 3 cows
Turn 197:
> 097358
Grade: 2 bulls and 4 cows
Turn 198:
> 907358
Grade: 1 bull and 5 cows
Turn 199:
> 709358
Grade: 2 bulls and 4 cows
Turn 200:
> 079358
Grade: 3 bulls and 3 cows
Turn 201:
> 970358
Grade: 1 bull and 5 cows
Turn 202:
> 790358
Grade: 1 bull and 5 cows
Turn 203:
> 590378
Grade: 6 cows
Turn 204:
> 950378
Grade: 6 cows
Turn 205:
> 059378
Grade: 2 bulls and 4 cows
Turn 206:
> 509378
Grade: 1 bull and 5 cows
Turn 207:
> 905378
Grade: 6 cows
Turn 208:
> 095378
Grade: 1 bull and 5 cows
Turn 209:
> 395078
Grade: 6 cows
Turn 210:
> 935078
Grade: 6 cows
Turn 211:
> 539078
Grade: 1 bull and 5 cows
Turn 212:
> 359078
Grade: 1 bull and 5 cows
Turn 213:
> 953078
Grade: 6 cows
Turn 214:
> 593078
Grade: 6 cows
Turn 215:
> 503978
Grade: 6 cows
Turn 216:
> 053978
Grade: 1 bull and 5 cows
Turn 217:
> 350978
Grade: 6 cows
Turn 218:
> 530978
Grade: 6 cows
Turn 219:
> 035978
Grade: 1 bull and 5 cows
Turn 220:
> 305978
Grade: 6 cows
Turn 221:
> 309578
Grade: 1 bull and 5 cows
Turn 222:
> 039578
Grade: 2 bulls and 4 cows
Turn 223:
> 930578
Grade: 6 cows
Turn 224:
> 390578
Grade: 6 cows
Turn 225:
> 093578
Grade: 1 bull and 5 cows
Turn 226:
> 903578
Grade: 6 cows
Turn 227:
> 703598
Grade: 6 cows
Turn 228:
> 073598
Grade: 1 bull and 5 cows
Turn 229:
> 370598
Grade: 6 cows
Turn 230:
> 730598
Grade: 6 cows
Turn 231:
> 037598
Grade: 1 bull and 5 cows
Turn 232:
> 307598
Grade: 6 cows
Turn 233:
> 507398
Grade: 6 cows
Turn 234:
> 057398
Grade: 1 bull and 5 cows
Turn 235:
> 750398
Grade: 6 cows
Turn 236:
> 570398
Grade: 6 cows
Turn 237:
> 075398
Grade: 1 bull and 5 cows
Turn 238:
> 705398
Grade: 6 cows
Turn 239:
> 735098
Grade: 6 cows
Turn 240:
> 375098
Grade: 6 cows
Turn 241:
> 573098
Grade: 6 cows
Turn 242:
> 753098
Grade: 6 cows
Turn 243:
> 357098
Grade: 6 cows
Turn 244:
> 537098
Grade: 6 cows
Turn 245:
> 530798
Grade: 1 bull and 5 cows
Turn 246:
> 350798
Grade: 1 bull and 5 cows
Turn 247:
> 053798
Grade: 2 bulls and 4 cows
Turn 248:
> 503798
Grade: 1 bull and 5 cows
Turn 249:
> 305798
Grade: 1 bull and 5 cows
Turn 250:
> 035798
Grade: 2 bulls and 4 cows
Turn 251:
> 085793
Grade: 4 bulls and 2 cows
Turn 252:
> 805793
Grade: 2 bulls and 4 cows
Turn 253:
> 508793
Grade: 2 bulls and 4 cows
Turn 254:
> 058793
Grade: 3 bulls and 3 cows
Turn 255:
> 850793
Grade: 2 bulls and 4 cows
Turn 256:
> 580793
Grade: 3 bulls and 3 cows
Turn 257:
> 780593
Grade: 2 bulls and 4 cows
Turn 258:
> 870593
Grade: 1 bull and 5 cows
Turn 259:
> 078593
Grade: 2 bulls and 4 cows
Turn 260:
> 708593
Grade: 1 bull and 5 cows
Turn 261:
> 807593
Grade: 1 bull and 5 cows
Turn 262:
> 087593
Grade: 3 bulls and 3 cows
Turn 263:
> 057893
Grade: 2 bulls and 4 cows
Turn 264:
> 507893
Grade: 1 bull and 5 cows
Turn 265:
> 705893
Grade: 1 bull and 5 cows
Turn 266:
> 075893
Grade: 2 bulls and 4 cows
Turn 267:
> 570893
Grade: 1 bull and 5 cows
Turn 268:
> 750893
Grade: 1 bull and 5 cows
Turn 269:
> 758093
Grade: 1 bull and 5 cows
Turn 270:
> 578093
Grade: 1 bull and 5 cows
Turn 271:
> 875093
Grade: 1 bull and 5 cows
Turn 272:
> 785093
Grade: 2 bulls and 4 cows
Turn 273:
> 587093
Grade: 2 bulls and 4 cows
Turn 274:
> 857093
Grade: 1 bull and 5 cows
Turn 275:
> 957083
Grade: 1 bull and 5 cows
Turn 276:
> 597083
Grade: 1 bull and 5 cows
Turn 277:
> 795083
Grade: 1 bull and 5 cows
Turn 278:
> 975083
Grade: 1 bull and 5 cows
Turn 279:
> 579083
Grade: 2 bulls and 4 cows
Turn 280:
> 759083
Grade: 2 bulls and 4 cows
Turn 281:
> 059783
Grade: 4 bulls and 2 cows
Turn 282:
> 509783
Grade: 3 bulls and 3 cows
Turn 283:
> 905783
Grade: 2 bulls and 4 cows
Turn 284:
> 095783
Grade: 3 bulls and 3 cows
Turn 285:
> 590783
Grade: 2 bulls and 4 cows
Turn 286:
> 950783
Grade: 2 bulls and 4 cows
Turn 287:
> 970583
Grade: 1 bull and 5 cows
Turn 288:
> 790583
Grade: 1 bull and 5 cows
Turn 289:
> 097583
Grade: 2 bulls and 4 cows
Turn 290:
> 907583
Grade: 1 bull and 5 cows
Turn 291:
> 709583
Grade: 2 bulls and 4 cows
Turn 292:
> 079583
Grade: 3 bulls and 3 cows
Turn 293:
> 075983
Grade: 2 bulls and 4 cows
Turn 294:
> 705983
Grade: 1 bull and 5 cows
Turn 295:
> 507983
Grade: 1 bull and 5 cows
Turn 296:
> 057983
Grade: 2 bulls and 4 cows
Turn 297:
> 750983
Grade: 1 bull and 5 cows
Turn 298:
> 570983
Grade: 1 bull and 5 cows
Turn 299:
> 870953
Grade: 2 bulls and 4 cows
Turn 300:
> 780953
Grade: 3 bulls and 3 cows
Turn 301:
> 087953
Grade: 4 bulls and 2 cows
Turn 302:
> 807953
Grade: 2 bulls and 4 cows
Turn 303:
> 708953
Grade: 2 bulls and 4 cows
Turn 304:
> 078953
Grade: 3 bulls and 3 cows
Turn 305:
> 978053
Grade: 2 bulls and 4 cows
Turn 306:
> 798053
Grade: 2 bulls and 4 cows
Turn 307:
> 897053
Grade: 2 bulls and 4 cows
Turn 308:
> 987053
Grade: 3 bulls and 3 cows
Turn 309:
> 789053
Grade: 4 bulls and 2 cows
Turn 310:
> 879053
Grade: 3 bulls and 3 cows
Turn 311:
> 809753
Grade: 4 bulls and 2 cows
Turn 312:
> 089753
Grade: 6 bulls
Congratulations! You guessed the secret code.
?[1;31m
Start test 4?[0m
Input the length of the secret code:
> 11
Input the number of possible symbols in the code:
> 10
Error: it's not possible to generate a code with a length of 11 with 10 unique symbols.
?[1;31m
Start test 5?[0m
Input the length of the secret code:
> 4
Input the number of possible symbols in the code:
> 16
The secret is prepared: **** (0-9, a-f).
Okay, let's start a game!
Turn 1:
> 0000
Grade: 1 bull and 3 cows
Turn 2:
> 1111
Grade: Cannot find number of bulls or number of cows or None after the input
Turn 3:
> 2222
Grade: Cannot find number of bulls or number of cows or None after the input
Turn 4:
> 3333
Grade: Cannot find number of bulls or number of cows or None after the input
Turn 5:
> 4444
Grade: Cannot find number of bulls or number of cows or None after the input
Turn 6:
> 5555
Grade: Cannot find number of bulls or number of cows or None after the input
Turn 7:
> 6666
Grade: Cannot find number of bulls or number of cows or None after the input
Turn 8:
> 7777
Grade: Cannot find number of bulls or number of cows or None after the input
Turn 9:
> 8888
Grade: 1 bull and 3 cows
Turn 10:
> 9999
Grade: 1 bull and 3 cows
Turn 11:
> aaaa
"aaaa" isn't a valid number.
Grade: Cannot find number of bulls or number of cows or None after the input
Turn 12:
> bbbb
"bbbb" isn't a valid number.
Grade: Cannot find number of bulls or number of cows or None after the input
Turn 13:
> cccc
"cccc" isn't a valid number.
Grade: 1 bull and 3 cows
Turn 14:
> 089c
"089c" isn't a valid number.
Grade: 2 bulls and 2 cows
Turn 15:
> 809c
"809c" isn't a valid number.
Grade: 4 cows
Turn 16:
> 908c
"908c" isn't a valid number.
Grade: 4 cows
Turn 17:
> 098c
"098c" isn't a valid number.
Grade: 1 bull and 3 cows
Turn 18:
> 890c
"890c" isn't a valid number.
Grade: 4 cows
Turn 19:
> 980c
"980c" isn't a valid number.
Grade: 1 bull and 3 cows
Turn 20:
> c809
"c809" isn't a valid number.
Grade: 2 bulls and 2 cows
Turn 21:
> 8c09
"8c09" isn't a valid number.
Grade: 1 bull and 3 cows
Turn 22:
> 0c89
"0c89" isn't a valid number.
Grade: 2 bulls and 2 cows
Turn 23:
> c089
"c089" isn't a valid number.
Grade: 1 bull and 3 cows
Turn 24:
> 80c9
"80c9" isn't a valid number.
Grade: 2 bulls and 2 cows
Turn 25:
> 08c9
"08c9" isn't a valid number.
Grade: 4 bulls
Congratulations! You guessed the secret code.
?[1;31m
Start test 6?[0m
Input the length of the secret code:
> 6
Input the number of possible symbols in the code:
> 36
The secret is prepared: ****** (0-9, a-z).
Okay, let's start a game!
Turn 1:
> 000000
Grade: 1 bull and 5 cows
Turn 2:
> 111111
Grade: Cannot find number of bulls or number of cows or None after the input
Turn 3:
> 222222
Grade: Cannot find number of bulls or number of cows or None after the input
Turn 4:
> 333333
Grade: Cannot find number of bulls or number of cows or None after the input
Turn 5:
> 444444
Grade: Cannot find number of bulls or number of cows or None after the input
Turn 6:
> 555555
Grade: 1 bull and 5 cows
Turn 7:
> 666666
Grade: Cannot find number of bulls or number of cows or None after the input
Turn 8:
> 777777
Grade: 1 bull and 5 cows
Turn 9:
> 888888
Grade: 1 bull and 5 cows
Turn 10:
> 999999
Grade: 1 bull and 5 cows
Turn 11:
> aaaaaa
"aaaaaa" isn't a valid number.
Grade: 1 bull and 5 cows
Turn 12:
> 05789a
"05789a" isn't a valid number.
Grade: 1 bull and 5 cows
Turn 13:
> 50789a
"50789a" isn't a valid number.
Grade: 6 cows
Turn 14:
> 70589a
"70589a" isn't a valid number.
Grade: 6 cows
Turn 15:
> 07589a
"07589a" isn't a valid number.
Grade: 1 bull and 5 cows
Turn 16:
> 57089a
"57089a" isn't a valid number.
Grade: 6 cows
Turn 17:
> 75089a
"75089a" isn't a valid number.
Grade: 6 cows
Turn 18:
> 85079a
"85079a" isn't a valid number.
Grade: 6 cows
Turn 19:
> 58079a
"58079a" isn't a valid number.
Grade: 1 bull and 5 cows
Turn 20:
> 08579a
"08579a" isn't a valid number.
Grade: 2 bulls and 4 cows
Turn 21:
> 80579a
"80579a" isn't a valid number.
Grade: 6 cows
Turn 22:
> 50879a
"50879a" isn't a valid number.
Grade: 6 cows
Turn 23:
> 05879a
"05879a" isn't a valid number.
Grade: 1 bull and 5 cows
Turn 24:
> 07859a
"07859a" isn't a valid number.
Grade: 1 bull and 5 cows
Turn 25:
> 70859a
"70859a" isn't a valid number.
Grade: 6 cows
Turn 26:
> 80759a
"80759a" isn't a valid number.
Grade: 6 cows
Turn 27:
> 08759a
"08759a" isn't a valid number.
Grade: 2 bulls and 4 cows
Turn 28:
> 78059a
"78059a" isn't a valid number.
Grade: 1 bull and 5 cows
Turn 29:
> 87059a
"87059a" isn't a valid number.
Grade: 6 cows
Turn 30:
> 87509a
"87509a" isn't a valid number.
Grade: 6 cows
Turn 31:
> 78509a
"78509a" isn't a valid number.
Grade: 1 bull and 5 cows
Turn 32:
> 58709a
"58709a" isn't a valid number.
Grade: 1 bull and 5 cows
Turn 33:
> 85709a
"85709a" isn't a valid number.
Grade: 6 cows
Turn 34:
> 75809a
"75809a" isn't a valid number.
Grade: 6 cows
Turn 35:
> 57809a
"57809a" isn't a valid number.
Grade: 6 cows
Turn 36:
> 97805a
"97805a" isn't a valid number.
Grade: 6 cows
Turn 37:
> 79805a
"79805a" isn't a valid number.
Grade: 6 cows
Turn 38:
> 89705a
"89705a" isn't a valid number.
Grade: 6 cows
Turn 39:
> 98705a
"98705a" isn't a valid number.
Grade: 1 bull and 5 cows
Turn 40:
> 78905a
"78905a" isn't a valid number.
Grade: 1 bull and 5 cows
Turn 41:
> 87905a
"87905a" isn't a valid number.
Grade: 6 cows
Turn 42:
> 07985a
"07985a" isn't a valid number.
Grade: 1 bull and 5 cows
Turn 43:
> 70985a
"70985a" isn't a valid number.
Grade: 6 cows
Turn 44:
> 90785a
"90785a" isn't a valid number.
Grade: 6 cows
Turn 45:
> 09785a
"09785a" isn't a valid number.
Grade: 1 bull and 5 cows
Turn 46:
> 79085a
"79085a" isn't a valid number.
Grade: 6 cows
Turn 47:
> 97085a
"97085a" isn't a valid number.
Grade: 6 cows
Turn 48:
> 98075a
"98075a" isn't a valid number.
Grade: 1 bull and 5 cows
Turn 49:
> 89075a
"89075a" isn't a valid number.
Grade: 6 cows
Turn 50:
> 09875a
"09875a" isn't a valid number.
Grade: 1 bull and 5 cows
Turn 51:
> 90875a
"90875a" isn't a valid number.
Grade: 6 cows
Turn 52:
> 80975a
"80975a" isn't a valid number.
Grade: 6 cows
Turn 53:
> 08975a
"08975a" isn't a valid number.
Grade: 2 bulls and 4 cows
Turn 54:
> 08795a
"08795a" isn't a valid number.
Grade: 3 bulls and 3 cows
Turn 55:
> 80795a
"80795a" isn't a valid number.
Grade: 1 bull and 5 cows
Turn 56:
> 70895a
"70895a" isn't a valid number.
Grade: 1 bull and 5 cows
Turn 57:
> 07895a
"07895a" isn't a valid number.
Grade: 2 bulls and 4 cows
Turn 58:
> 87095a
"87095a" isn't a valid number.
Grade: 1 bull and 5 cows
Turn 59:
> 78095a
"78095a" isn't a valid number.
Grade: 2 bulls and 4 cows
Turn 60:
> 58097a
"58097a" isn't a valid number.
Grade: 3 bulls and 3 cows
Turn 61:
> 85097a
"85097a" isn't a valid number.
Grade: 2 bulls and 4 cows
Turn 62:
> 05897a
"05897a" isn't a valid number.
Grade: 3 bulls and 3 cows
Turn 63:
> 50897a
"50897a" isn't a valid number.
Grade: 2 bulls and 4 cows
Turn 64:
> 80597a
"80597a" isn't a valid number.
Grade: 2 bulls and 4 cows
Turn 65:
> 08597a
"08597a" isn't a valid number.
Grade: 4 bulls and 2 cows
Turn 66:
> 98507a
"98507a" isn't a valid number.
Grade: 2 bulls and 4 cows
Turn 67:
> 89507a
"89507a" isn't a valid number.
Grade: 1 bull and 5 cows
Turn 68:
> 59807a
"59807a" isn't a valid number.
Grade: 1 bull and 5 cows
Turn 69:
> 95807a
"95807a" isn't a valid number.
Grade: 1 bull and 5 cows
Turn 70:
> 85907a
"85907a" isn't a valid number.
Grade: 1 bull and 5 cows
Turn 71:
> 58907a
"58907a" isn't a valid number.
Grade: 2 bulls and 4 cows
Turn 72:
> 50987a
"50987a" isn't a valid number.
Grade: 1 bull and 5 cows
Turn 73:
> 05987a
"05987a" isn't a valid number.
Grade: 2 bulls and 4 cows
Turn 74:
> 95087a
"95087a" isn't a valid number.
Grade: 1 bull and 5 cows
Turn 75:
> 59087a
"59087a" isn't a valid number.
Grade: 1 bull and 5 cows
Turn 76:
> 09587a
"09587a" isn't a valid number.
Grade: 2 bulls and 4 cows
Turn 77:
> 90587a
"90587a" isn't a valid number.
Grade: 1 bull and 5 cows
Turn 78:
> 90857a
"90857a" isn't a valid number.
Grade: 1 bull and 5 cows
Turn 79:
> 09857a
"09857a" isn't a valid number.
Grade: 2 bulls and 4 cows
Turn 80:
> 89057a
"89057a" isn't a valid number.
Grade: 1 bull and 5 cows
Turn 81:
> 98057a
"98057a" isn't a valid number.
Grade: 2 bulls and 4 cows
Turn 82:
> 08957a
"08957a" isn't a valid number.
Grade: 3 bulls and 3 cows
Turn 83:
> 80957a
"80957a" isn't a valid number.
Grade: 1 bull and 5 cows
Turn 84:
> 70958a
"70958a" isn't a valid number.
Grade: 6 cows
Turn 85:
> 07958a
"07958a" isn't a valid number.
Grade: 1 bull and 5 cows
Turn 86:
> 97058a
"97058a" isn't a valid number.
Grade: 6 cows
Turn 87:
> 79058a
"79058a" isn't a valid number.
Grade: 6 cows
Turn 88:
> 09758a
"09758a" isn't a valid number.
Grade: 1 bull and 5 cows
Turn 89:
> 90758a
"90758a" isn't a valid number.
Grade: 6 cows
Turn 90:
> 50798a
"50798a" isn't a valid number.
Grade: 1 bull and 5 cows
Turn 91:
> 05798a
"05798a" isn't a valid number.
Grade: 2 bulls and 4 cows
Turn 92:
> 75098a
"75098a" isn't a valid number.
Grade: 1 bull and 5 cows
Turn 93:
> 57098a
"57098a" isn't a valid number.
Grade: 1 bull and 5 cows
Turn 94:
> 07598a
"07598a" isn't a valid number.
Grade: 2 bulls and 4 cows
Turn 95:
> 70598a
"70598a" isn't a valid number.
Grade: 1 bull and 5 cows
Turn 96:
> 79508a
"79508a" isn't a valid number.
Grade: 6 cows
Turn 97:
> 97508a
"97508a" isn't a valid number.
Grade: 6 cows
Turn 98:
> 57908a
"57908a" isn't a valid number.
Grade: 6 cows
Turn 99:
> 75908a
"75908a" isn't a valid number.
Grade: 6 cows
Turn 100:
> 95708a
"95708a" isn't a valid number.
Grade: 6 cows
Turn 101:
> 59708a
"59708a" isn't a valid number.
Grade: 6 cows
Turn 102:
> 59078a
"59078a" isn't a valid number.
Grade: 6 cows
Turn 103:
> 95078a
"95078a" isn't a valid number.
Grade: 6 cows
Turn 104:
> 05978a
"05978a" isn't a valid number.
Grade: 1 bull and 5 cows
Turn 105:
> 50978a
"50978a" isn't a valid number.
Grade: 6 cows
Turn 106:
> 90578a
"90578a" isn't a valid number.
Grade: 6 cows
Turn 107:
> 09578a
"09578a" isn't a valid number.
Grade: 1 bull and 5 cows
Turn 108:
> 89570a
"89570a" isn't a valid number.
Grade: 6 cows
Turn 109:
> 98570a
"98570a" isn't a valid number.
Grade: 1 bull and 5 cows
Turn 110:
> 58970a
"58970a" isn't a valid number.
Grade: 1 bull and 5 cows
Turn 111:
> 85970a
"85970a" isn't a valid number.
Grade: 6 cows
Turn 112:
> 95870a
"95870a" isn't a valid number.
Grade: 6 cows
Turn 113:
> 59870a
"59870a" isn't a valid number.
Grade: 6 cows
Turn 114:
> 79850a
"79850a" isn't a valid number.
Grade: 6 cows
Turn 115:
> 97850a
"97850a" isn't a valid number.
Grade: 6 cows
Turn 116:
> 87950a
"87950a" isn't a valid number.
Grade: 6 cows
Turn 117:
> 78950a
"78950a" isn't a valid number.
Grade: 1 bull and 5 cows
Turn 118:
> 98750a
"98750a" isn't a valid number.
Grade: 1 bull and 5 cows
Turn 119:
> 89750a
"89750a" isn't a valid number.
Grade: 6 cows
Turn 120:
> 85790a
"85790a" isn't a valid number.
Grade: 1 bull and 5 cows
Turn 121:
> 58790a
"58790a" isn't a valid number.
Grade: 2 bulls and 4 cows
Turn 122:
> 78590a
"78590a" isn't a valid number.
Grade: 2 bulls and 4 cows
Turn 123:
> 87590a
"87590a" isn't a valid number.
Grade: 1 bull and 5 cows
Turn 124:
> 57890a
"57890a" isn't a valid number.
Grade: 1 bull and 5 cows
Turn 125:
> 75890a
"75890a" isn't a valid number.
Grade: 1 bull and 5 cows
Turn 126:
> 75980a
"75980a" isn't a valid number.
Grade: 6 cows
Turn 127:
> 57980a
"57980a" isn't a valid number.
Grade: 6 cows
Turn 128:
> 97580a
"97580a" isn't a valid number.
Grade: 6 cows
Turn 129:
> 79580a
"79580a" isn't a valid number.
Grade: 6 cows
Turn 130:
> 59780a
"59780a" isn't a valid number.
Grade: 6 cows
Turn 131:
> 95780a
"95780a" isn't a valid number.
Grade: 6 cows
Turn 132:
> a57809
"a57809" isn't a valid number.
Grade: 6 cows
Turn 133:
> 5a7809
"5a7809" isn't a valid number.
Grade: 6 cows
Turn 134:
> 7a5809
"7a5809" isn't a valid number.
Grade: 6 cows
Turn 135:
> a75809
"a75809" isn't a valid number.
Grade: 6 cows
Turn 136:
> 57a809
"57a809" isn't a valid number.
Grade: 1 bull and 5 cows
Turn 137:
> 75a809
"75a809" isn't a valid number.
Grade: 1 bull and 5 cows
Turn 138:
> 85a709
"85a709" isn't a valid number.
Grade: 1 bull and 5 cows
Turn 139:
> 58a709
"58a709" isn't a valid number.
Grade: 2 bulls and 4 cows
Turn 140:
> a85709
"a85709" isn't a valid number.
Grade: 1 bull and 5 cows
Turn 141:
> 8a5709
"8a5709" isn't a valid number.
Grade: 6 cows
Turn 142:
> 5a8709
"5a8709" isn't a valid number.
Grade: 6 cows
Turn 143:
> a58709
"a58709" isn't a valid number.
Grade: 6 cows
Turn 144:
> a78509
"a78509" isn't a valid number.
Grade: 6 cows
Turn 145:
> 7a8509
"7a8509" isn't a valid number.
Grade: 6 cows
Turn 146:
> 8a7509
"8a7509" isn't a valid number.
Grade: 6 cows
Turn 147:
> a87509
"a87509" isn't a valid number.
Grade: 1 bull and 5 cows
Turn 148:
> 78a509
"78a509" isn't a valid number.
Grade: 2 bulls and 4 cows
Turn 149:
> 87a509
"87a509" isn't a valid number.
Grade: 1 bull and 5 cows
Turn 150:
> 875a09
"875a09" isn't a valid number.
Grade: 6 cows
Turn 151:
> 785a09
"785a09" isn't a valid number.
Grade: 1 bull and 5 cows
Turn 152:
> 587a09
"587a09" isn't a valid number.
Grade: 1 bull and 5 cows
Turn 153:
> 857a09
"857a09" isn't a valid number.
Grade: 6 cows
Turn 154:
> 758a09
"758a09" isn't a valid number.
Grade: 6 cows
Turn 155:
> 578a09
"578a09" isn't a valid number.
Grade: 6 cows
Turn 156:
> 078a59
"078a59" isn't a valid number.
Grade: 1 bull and 5 cows
Turn 157:
> 708a59
"708a59" isn't a valid number.
Grade: 6 cows
Turn 158:
> 807a59
"807a59" isn't a valid number.
Grade: 6 cows
Turn 159:
> 087a59
"087a59" isn't a valid number.
Grade: 2 bulls and 4 cows
Turn 160:
> 780a59
"780a59" isn't a valid number.
Grade: 1 bull and 5 cows
Turn 161:
> 870a59
"870a59" isn't a valid number.
Grade: 6 cows
Turn 162:
> a70859
"a70859" isn't a valid number.
Grade: 6 cows
Turn 163:
> 7a0859
"7a0859" isn't a valid number.
Grade: 6 cows
Turn 164:
> 0a7859
"0a7859" isn't a valid number.
Grade: 1 bull and 5 cows
Turn 165:
> a07859
"a07859" isn't a valid number.
Grade: 6 cows
Turn 166:
> 70a859
"70a859" isn't a valid number.
Grade: 1 bull and 5 cows
Turn 167:
> 07a859
"07a859" isn't a valid number.
Grade: 2 bulls and 4 cows
Turn 168:
> 08a759
"08a759" isn't a valid number.
Grade: 3 bulls and 3 cows
Turn 169:
> 80a759
"80a759" isn't a valid number.
Grade: 1 bull and 5 cows
Turn 170:
> a08759
"a08759" isn't a valid number.
Grade: 6 cows
Turn 171:
> 0a8759
"0a8759" isn't a valid number.
Grade: 1 bull and 5 cows
Turn 172:
> 8a0759
"8a0759" isn't a valid number.
Grade: 6 cows
Turn 173:
> a80759
"a80759" isn't a valid number.
Grade: 1 bull and 5 cows
Turn 174:
> a87059
"a87059" isn't a valid number.
Grade: 1 bull and 5 cows
Turn 175:
> 8a7059
"8a7059" isn't a valid number.
Grade: 6 cows
Turn 176:
> 7a8059
"7a8059" isn't a valid number.
Grade: 6 cows
Turn 177:
> a78059
"a78059" isn't a valid number.
Grade: 6 cows
Turn 178:
> 87a059
"87a059" isn't a valid number.
Grade: 1 bull and 5 cows
Turn 179:
> 78a059
"78a059" isn't a valid number.
Grade: 2 bulls and 4 cows
Turn 180:
> 58a079
"58a079" isn't a valid number.
Grade: 3 bulls and 3 cows
Turn 181:
> 85a079
"85a079" isn't a valid number.
Grade: 2 bulls and 4 cows
Turn 182:
> a58079
"a58079" isn't a valid number.
Grade: 1 bull and 5 cows
Turn 183:
> 5a8079
"5a8079" isn't a valid number.
Grade: 1 bull and 5 cows
Turn 184:
> 8a5079
"8a5079" isn't a valid number.
Grade: 1 bull and 5 cows
Turn 185:
> a85079
"a85079" isn't a valid number.
Grade: 2 bulls and 4 cows
Turn 186:
> 085a79
"085a79" isn't a valid number.
Grade: 3 bulls and 3 cows
Turn 187:
> 805a79
"805a79" isn't a valid number.
Grade: 1 bull and 5 cows
Turn 188:
> 508a79
"508a79" isn't a valid number.
Grade: 1 bull and 5 cows
Turn 189:
> 058a79
"058a79" isn't a valid number.
Grade: 2 bulls and 4 cows
Turn 190:
> 850a79
"850a79" isn't a valid number.
Grade: 1 bull and 5 cows
Turn 191:
> 580a79
"580a79" isn't a valid number.
Grade: 2 bulls and 4 cows
Turn 192:
> 5a0879
"5a0879" isn't a valid number.
Grade: 1 bull and 5 cows
Turn 193:
> a50879
"a50879" isn't a valid number.
Grade: 1 bull and 5 cows
Turn 194:
> 05a879
"05a879" isn't a valid number.
Grade: 3 bulls and 3 cows
Turn 195:
> 50a879
"50a879" isn't a valid number.
Grade: 2 bulls and 4 cows
Turn 196:
> a05879
"a05879" isn't a valid number.
Grade: 1 bull and 5 cows
Turn 197:
> 0a5879
"0a5879" isn't a valid number.
Grade: 2 bulls and 4 cows
Turn 198:
> 0a8579
"0a8579" isn't a valid number.
Grade: 2 bulls and 4 cows
Turn 199:
> a08579
"a08579" isn't a valid number.
Grade: 1 bull and 5 cows
Turn 200:
> 80a579
"80a579" isn't a valid number.
Grade: 2 bulls and 4 cows
Turn 201:
> 08a579
"08a579" isn't a valid number.
Grade: 4 bulls and 2 cows
Turn 202:
> a80579
"a80579" isn't a valid number.
Grade: 2 bulls and 4 cows
Turn 203:
> 8a0579
"8a0579" isn't a valid number.
Grade: 1 bull and 5 cows
Turn 204:
> 7a0589
"7a0589" isn't a valid number.
Grade: 6 cows
Turn 205:
> a70589
"a70589" isn't a valid number.
Grade: 6 cows
Turn 206:
> 07a589
"07a589" isn't a valid number.
Grade: 2 bulls and 4 cows
Turn 207:
> 70a589
"70a589" isn't a valid number.
Grade: 1 bull and 5 cows
Turn 208:
> a07589
"a07589" isn't a valid number.
Grade: 6 cows
Turn 209:
> 0a7589
"0a7589" isn't a valid number.
Grade: 1 bull and 5 cows
Turn 210:
> 5a7089
"5a7089" isn't a valid number.
Grade: 6 cows
Turn 211:
> a57089
"a57089" isn't a valid number.
Grade: 6 cows
Turn 212:
> 75a089
"75a089" isn't a valid number.
Grade: 1 bull and 5 cows
Turn 213:
> 57a089
"57a089" isn't a valid number.
Grade: 1 bull and 5 cows
Turn 214:
> a75089
"a75089" isn't a valid number.
Grade: 6 cows
Turn 215:
> 7a5089
"7a5089" isn't a valid number.
Grade: 6 cows
Turn 216:
> 705a89
"705a89" isn't a valid number.
Grade: 6 cows
Turn 217:
> 075a89
"075a89" isn't a valid number.
Grade: 1 bull and 5 cows
Turn 218:
> 570a89
"570a89" isn't a valid number.
Grade: 6 cows
Turn 219:
> 750a89
"750a89" isn't a valid number.
Grade: 6 cows
Turn 220:
> 057a89
"057a89" isn't a valid number.
Grade: 1 bull and 5 cows
Turn 221:
> 507a89
"507a89" isn't a valid number.
Grade: 6 cows
Turn 222:
> 50a789
"50a789" isn't a valid number.
Grade: 1 bull and 5 cows
Turn 223:
> 05a789
"05a789" isn't a valid number.
Grade: 2 bulls and 4 cows
Turn 224:
> a50789
"a50789" isn't a valid number.
Grade: 6 cows
Turn 225:
> 5a0789
"5a0789" isn't a valid number.
Grade: 6 cows
Turn 226:
> 0a5789
"0a5789" isn't a valid number.
Grade: 1 bull and 5 cows
Turn 227:
> a05789
"a05789" isn't a valid number.
Grade: 6 cows
Turn 228:
> 8057a9
"8057a9" isn't a valid number.
Grade: 6 cows
Turn 229:
> 0857a9
"0857a9" isn't a valid number.
Grade: 2 bulls and 4 cows
Turn 230:
> 5807a9
"5807a9" isn't a valid number.
Grade: 1 bull and 5 cows
Turn 231:
> 8507a9
"8507a9" isn't a valid number.
Grade: 6 cows
Turn 232:
> 0587a9
"0587a9" isn't a valid number.
Grade: 1 bull and 5 cows
Turn 233:
> 5087a9
"5087a9" isn't a valid number.
Grade: 6 cows
Turn 234:
> 7085a9
"7085a9" isn't a valid number.
Grade: 6 cows
Turn 235:
> 0785a9
"0785a9" isn't a valid number.
Grade: 1 bull and 5 cows
Turn 236:
> 8705a9
"8705a9" isn't a valid number.
Grade: 6 cows
Turn 237:
> 7805a9
"7805a9" isn't a valid number.
Grade: 1 bull and 5 cows
Turn 238:
> 0875a9
"0875a9" isn't a valid number.
Grade: 2 bulls and 4 cows
Turn 239:
> 8075a9
"8075a9" isn't a valid number.
Grade: 6 cows
Turn 240:
> 8570a9
"8570a9" isn't a valid number.
Grade: 6 cows
Turn 241:
> 5870a9
"5870a9" isn't a valid number.
Grade: 1 bull and 5 cows
Turn 242:
> 7850a9
"7850a9" isn't a valid number.
Grade: 1 bull and 5 cows
Turn 243:
> 8750a9
"8750a9" isn't a valid number.
Grade: 6 cows
Turn 244:
> 5780a9
"5780a9" isn't a valid number.
Grade: 6 cows
Turn 245:
> 7580a9
"7580a9" isn't a valid number.
Grade: 6 cows
Turn 246:
> 7508a9
"7508a9" isn't a valid number.
Grade: 6 cows
Turn 247:
> 5708a9
"5708a9" isn't a valid number.
Grade: 6 cows
Turn 248:
> 0758a9
"0758a9" isn't a valid number.
Grade: 1 bull and 5 cows
Turn 249:
> 7058a9
"7058a9" isn't a valid number.
Grade: 6 cows
Turn 250:
> 5078a9
"5078a9" isn't a valid number.
Grade: 6 cows
Turn 251:
> 0578a9
"0578a9" isn't a valid number.
Grade: 1 bull and 5 cows
Turn 252:
> 0978a5
"0978a5" isn't a valid number.
Grade: 2 bulls and 4 cows
Turn 253:
> 9078a5
"9078a5" isn't a valid number.
Grade: 1 bull and 5 cows
Turn 254:
> 7098a5
"7098a5" isn't a valid number.
Grade: 1 bull and 5 cows
Turn 255:
> 0798a5
"0798a5" isn't a valid number.
Grade: 2 bulls and 4 cows
Turn 256:
> 9708a5
"9708a5" isn't a valid number.
Grade: 1 bull and 5 cows
Turn 257:
> 7908a5
"7908a5" isn't a valid number.
Grade: 1 bull and 5 cows
Turn 258:
> 8907a5
"8907a5" isn't a valid number.
Grade: 1 bull and 5 cows
Turn 259:
> 9807a5
"9807a5" isn't a valid number.
Grade: 2 bulls and 4 cows
Turn 260:
> 0897a5
"0897a5" isn't a valid number.
Grade: 3 bulls and 3 cows
Turn 261:
> 8097a5
"8097a5" isn't a valid number.
Grade: 1 bull and 5 cows
Turn 262:
> 9087a5
"9087a5" isn't a valid number.
Grade: 1 bull and 5 cows
Turn 263:
> 0987a5
"0987a5" isn't a valid number.
Grade: 2 bulls and 4 cows
Turn 264:
> 0789a5
"0789a5" isn't a valid number.
Grade: 3 bulls and 3 cows
Turn 265:
> 7089a5
"7089a5" isn't a valid number.
Grade: 2 bulls and 4 cows
Turn 266:
> 8079a5
"8079a5" isn't a valid number.
Grade: 2 bulls and 4 cows
Turn 267:
> 0879a5
"0879a5" isn't a valid number.
Grade: 4 bulls and 2 cows
Turn 268:
> 7809a5
"7809a5" isn't a valid number.
Grade: 3 bulls and 3 cows
Turn 269:
> 8709a5
"8709a5" isn't a valid number.
Grade: 2 bulls and 4 cows
Turn 270:
> 8790a5
"8790a5" isn't a valid number.
Grade: 1 bull and 5 cows
Turn 271:
> 7890a5
"7890a5" isn't a valid number.
Grade: 2 bulls and 4 cows
Turn 272:
> 9870a5
"9870a5" isn't a valid number.
Grade: 2 bulls and 4 cows
Turn 273:
> 8970a5
"8970a5" isn't a valid number.
Grade: 1 bull and 5 cows
Turn 274:
> 7980a5
"7980a5" isn't a valid number.
Grade: 1 bull and 5 cows
Turn 275:
> 9780a5
"9780a5" isn't a valid number.
Grade: 1 bull and 5 cows
Turn 276:
> a78095
"a78095" isn't a valid number.
Grade: 1 bull and 5 cows
Turn 277:
> 7a8095
"7a8095" isn't a valid number.
Grade: 1 bull and 5 cows
Turn 278:
> 8a7095
"8a7095" isn't a valid number.
Grade: 1 bull and 5 cows
Turn 279:
> a87095
"a87095" isn't a valid number.
Grade: 2 bulls and 4 cows
Turn 280:
> 78a095
"78a095" isn't a valid number.
Grade: 3 bulls and 3 cows
Turn 281:
> 87a095
"87a095" isn't a valid number.
Grade: 2 bulls and 4 cows
Turn 282:
> 07a895
"07a895" isn't a valid number.
Grade: 3 bulls and 3 cows
Turn 283:
> 70a895
"70a895" isn't a valid number.
Grade: 2 bulls and 4 cows
Turn 284:
> a07895
"a07895" isn't a valid number.
Grade: 1 bull and 5 cows
Turn 285:
> 0a7895
"0a7895" isn't a valid number.
Grade: 2 bulls and 4 cows
Turn 286:
> 7a0895
"7a0895" isn't a valid number.
Grade: 1 bull and 5 cows
Turn 287:
> a70895
"a70895" isn't a valid number.
Grade: 1 bull and 5 cows
Turn 288:
> a80795
"a80795" isn't a valid number.
Grade: 2 bulls and 4 cows
Turn 289:
> 8a0795
"8a0795" isn't a valid number.
Grade: 1 bull and 5 cows
Turn 290:
> 0a8795
"0a8795" isn't a valid number.
Grade: 2 bulls and 4 cows
Turn 291:
> a08795
"a08795" isn't a valid number.
Grade: 1 bull and 5 cows
Turn 292:
> 80a795
"80a795" isn't a valid number.
Grade: 2 bulls and 4 cows
Turn 293:
> 08a795
"08a795" isn't a valid number.
Grade: 4 bulls and 2 cows
Turn 294:
> 087a95
"087a95" isn't a valid number.
Grade: 3 bulls and 3 cows
Turn 295:
> 807a95
"807a95" isn't a valid number.
Grade: 1 bull and 5 cows
Turn 296:
> 708a95
"708a95" isn't a valid number.
Grade: 1 bull and 5 cows
Turn 297:
> 078a95
"078a95" isn't a valid number.
Grade: 2 bulls and 4 cows
Turn 298:
> 870a95
"870a95" isn't a valid number.
Grade: 1 bull and 5 cows
Turn 299:
> 780a95
"780a95" isn't a valid number.
Grade: 2 bulls and 4 cows
Turn 300:
> 980a75
"980a75" isn't a valid number.
Grade: 3 bulls and 3 cows
Turn 301:
> 890a75
"890a75" isn't a valid number.
Grade: 2 bulls and 4 cows
Turn 302:
> 098a75
"098a75" isn't a valid number.
Grade: 3 bulls and 3 cows
Turn 303:
> 908a75
"908a75" isn't a valid number.
Grade: 2 bulls and 4 cows
Turn 304:
> 809a75
"809a75" isn't a valid number.
Grade: 2 bulls and 4 cows
Turn 305:
> 089a75
"089a75" isn't a valid number.
Grade: 4 bulls and 2 cows
Turn 306:
> a89075
"a89075" isn't a valid number.
Grade: 3 bulls and 3 cows
Turn 307:
> 8a9075
"8a9075" isn't a valid number.
Grade: 2 bulls and 4 cows
Turn 308:
> 9a8075
"9a8075" isn't a valid number.
Grade: 2 bulls and 4 cows
Turn 309:
> a98075
"a98075" isn't a valid number.
Grade: 2 bulls and 4 cows
Turn 310:
> 89a075
"89a075" isn't a valid number.
Grade: 3 bulls and 3 cows
Turn 311:
> 98a075
"98a075" isn't a valid number.
Grade: 4 bulls and 2 cows
Turn 312:
> 90a875
"90a875" isn't a valid number.
Grade: 3 bulls and 3 cows
Turn 313:
> 09a875
"09a875" isn't a valid number.
Grade: 4 bulls and 2 cows
Turn 314:
> a90875
"a90875" isn't a valid number.
Grade: 2 bulls and 4 cows
Turn 315:
> 9a0875
"9a0875" isn't a valid number.
Grade: 2 bulls and 4 cows
Turn 316:
> 0a9875
"0a9875" isn't a valid number.
Grade: 3 bulls and 3 cows
Turn 317:
> a09875
"a09875" isn't a valid number.
Grade: 2 bulls and 4 cows
Turn 318:
> a08975
"a08975" isn't a valid number.
Grade: 3 bulls and 3 cows
Turn 319:
> 0a8975
"0a8975" isn't a valid number.
Grade: 4 bulls and 2 cows
Turn 320:
> 8a0975
"8a0975" isn't a valid number.
Grade: 3 bulls and 3 cows
Turn 321:
> a80975
"a80975" isn't a valid number.
Grade: 4 bulls and 2 cows
Turn 322:
> 08a975
"08a975" isn't a valid number.
Grade: 6 bulls
Congratulations! You guessed the secret code.
?[1;31m
Start test 7?[0m
Input the length of the secret code:
> 0
Error: "0" isn't a valid number.
?[1;31m
Start test 8?[0m
Input the length of the secret code:
> 10
Input the number of possible symbols in the code:
> 9
Error: it's not possible to generate a code with a length of 10 with 9 unique symbols.
?[1;31m
Start test 9?[0m
Input the length of the secret code:
> 9
Input the number of possible symbols in the code:
> 37
Error: maximum number of possible symbols in the code is 36 (0-9, a-z).
?[1;31m
Start test 10?[0m
Input the length of the secret code:
> abcdefg 1 -6
Error: "abcdefg 1 -6" isn't a valid number.
]]></system-out>
  <system-err><![CDATA[]]></system-err>
</testsuite>
